# JRE version: OpenJDK Runtime Environment (11.0.13) (build 11.0.13+0-b1751.21-8125866)
# Java VM: OpenJDK 64-Bit Server VM (11.0.13+0-b1751.21-8125866, mixed mode, tiered, compressed oops, g1 gc, windows-amd64)
Heap:
 garbage-first heap   total 260096K, used 196288K [0x00000000a0000000, 0x0000000100000000)
  region size 1024K, 64 young (65536K), 7 survivors (7168K)
 Metaspace       used 97124K, capacity 100930K, committed 101156K, reserved 1136640K
  class space    used 12463K, capacity 13695K, committed 13772K, reserved 1048576K
GC Heap History (20 events):
Event: 5.008 GC heap before
{Heap before GC invocations=6 (full 0):
 garbage-first heap   total 260096K, used 147109K [0x00000000a0000000, 0x0000000100000000)
  region size 1024K, 125 young (128000K), 6 survivors (6144K)
 Metaspace       used 44554K, capacity 45637K, committed 45948K, reserved 1089536K
  class space    used 5593K, capacity 5977K, committed 6092K, reserved 1048576K
}
Event: 5.037 GC heap after
{Heap after GC invocations=7 (full 0):
 garbage-first heap   total 260096K, used 30576K [0x00000000a0000000, 0x0000000100000000)
  region size 1024K, 14 young (14336K), 14 survivors (14336K)
 Metaspace       used 44554K, capacity 45637K, committed 45948K, reserved 1089536K
  class space    used 5593K, capacity 5977K, committed 6092K, reserved 1048576K
}
Event: 6.888 GC heap before
{Heap before GC invocations=7 (full 0):
 garbage-first heap   total 260096K, used 180080K [0x00000000a0000000, 0x0000000100000000)
  region size 1024K, 152 young (155648K), 14 survivors (14336K)
 Metaspace       used 52979K, capacity 54481K, committed 54780K, reserved 1097728K
  class space    used 6647K, capacity 7174K, committed 7244K, reserved 1048576K
}
Event: 6.900 GC heap after
{Heap after GC invocations=8 (full 0):
 garbage-first heap   total 260096K, used 49976K [0x00000000a0000000, 0x0000000100000000)
  region size 1024K, 19 young (19456K), 19 survivors (19456K)
 Metaspace       used 52979K, capacity 54481K, committed 54780K, reserved 1097728K
  class space    used 6647K, capacity 7174K, committed 7244K, reserved 1048576K
}
Event: 7.421 GC heap before
{Heap before GC invocations=8 (full 0):
 garbage-first heap   total 260096K, used 91960K [0x00000000a0000000, 0x0000000100000000)
  region size 1024K, 61 young (62464K), 19 survivors (19456K)
 Metaspace       used 58353K, capacity 59826K, committed 59940K, reserved 1101824K
  class space    used 7276K, capacity 7821K, committed 7884K, reserved 1048576K
}
Event: 7.436 GC heap after
{Heap after GC invocations=9 (full 0):
 garbage-first heap   total 260096K, used 52760K [0x00000000a0000000, 0x0000000100000000)
  region size 1024K, 4 young (4096K), 4 survivors (4096K)
 Metaspace       used 58353K, capacity 59826K, committed 59940K, reserved 1101824K
  class space    used 7276K, capacity 7821K, committed 7884K, reserved 1048576K
}
Event: 9.200 GC heap before
{Heap before GC invocations=10 (full 0):
 garbage-first heap   total 260096K, used 202264K [0x00000000a0000000, 0x0000000100000000)
  region size 1024K, 147 young (150528K), 4 survivors (4096K)
 Metaspace       used 68433K, capacity 70091K, committed 70308K, reserved 1110016K
  class space    used 8541K, capacity 9153K, committed 9292K, reserved 1048576K
}
Event: 9.225 GC heap after
{Heap after GC invocations=11 (full 0):
 garbage-first heap   total 260096K, used 66174K [0x00000000a0000000, 0x0000000100000000)
  region size 1024K, 14 young (14336K), 14 survivors (14336K)
 Metaspace       used 68433K, capacity 70091K, committed 70308K, reserved 1110016K
  class space    used 8541K, capacity 9153K, committed 9292K, reserved 1048576K
}
Event: 10.338 GC heap before
{Heap before GC invocations=11 (full 0):
 garbage-first heap   total 260096K, used 200318K [0x00000000a0000000, 0x0000000100000000)
  region size 1024K, 145 young (148480K), 14 survivors (14336K)
 Metaspace       used 74896K, capacity 76916K, committed 76964K, reserved 1116160K
  class space    used 9557K, capacity 10271K, committed 10316K, reserved 1048576K
}
Event: 10.349 GC heap after
{Heap after GC invocations=12 (full 0):
 garbage-first heap   total 260096K, used 74771K [0x00000000a0000000, 0x0000000100000000)
  region size 1024K, 9 young (9216K), 9 survivors (9216K)
 Metaspace       used 74896K, capacity 76916K, committed 76964K, reserved 1116160K
  class space    used 9557K, capacity 10271K, committed 10316K, reserved 1048576K
}
Event: 11.767 GC heap before
{Heap before GC invocations=12 (full 0):
 garbage-first heap   total 260096K, used 204819K [0x00000000a0000000, 0x0000000100000000)
  region size 1024K, 134 young (137216K), 9 survivors (9216K)
 Metaspace       used 80346K, capacity 82885K, committed 83108K, reserved 1122304K
  class space    used 10361K, capacity 11227K, committed 11340K, reserved 1048576K
}
Event: 11.778 GC heap after
{Heap after GC invocations=13 (full 0):
 garbage-first heap   total 260096K, used 89902K [0x00000000a0000000, 0x0000000100000000)
  region size 1024K, 17 young (17408K), 17 survivors (17408K)
 Metaspace       used 80346K, capacity 82885K, committed 83108K, reserved 1122304K
  class space    used 10361K, capacity 11227K, committed 11340K, reserved 1048576K
}
Event: 13.114 GC heap before
{Heap before GC invocations=13 (full 0):
 garbage-first heap   total 260096K, used 204590K [0x00000000a0000000, 0x0000000100000000)
  region size 1024K, 128 young (131072K), 17 survivors (17408K)
 Metaspace       used 84893K, capacity 88225K, committed 88484K, reserved 1126400K
  class space    used 10960K, capacity 12023K, committed 12108K, reserved 1048576K
}
Event: 13.134 GC heap after
{Heap after GC invocations=14 (full 0):
 garbage-first heap   total 260096K, used 109383K [0x00000000a0000000, 0x0000000100000000)
  region size 1024K, 16 young (16384K), 16 survivors (16384K)
 Metaspace       used 84893K, capacity 88225K, committed 88484K, reserved 1126400K
  class space    used 10960K, capacity 12023K, committed 12108K, reserved 1048576K
}
Event: 14.304 GC heap before
{Heap before GC invocations=14 (full 0):
 garbage-first heap   total 260096K, used 203591K [0x00000000a0000000, 0x0000000100000000)
  region size 1024K, 108 young (110592K), 16 survivors (16384K)
 Metaspace       used 90530K, capacity 94108K, committed 94372K, reserved 1130496K
  class space    used 11687K, capacity 12806K, committed 12876K, reserved 1048576K
}
Event: 14.320 GC heap after
{Heap after GC invocations=15 (full 0):
 garbage-first heap   total 260096K, used 123933K [0x00000000a0000000, 0x0000000100000000)
  region size 1024K, 14 young (14336K), 14 survivors (14336K)
 Metaspace       used 90530K, capacity 94108K, committed 94372K, reserved 1130496K
  class space    used 11687K, capacity 12806K, committed 12876K, reserved 1048576K
}
Event: 15.331 GC heap before
{Heap before GC invocations=15 (full 0):
 garbage-first heap   total 260096K, used 203805K [0x00000000a0000000, 0x0000000100000000)
  region size 1024K, 93 young (95232K), 14 survivors (14336K)
 Metaspace       used 95480K, capacity 99289K, committed 99492K, reserved 1134592K
  class space    used 12316K, capacity 13517K, committed 13644K, reserved 1048576K
}
Event: 15.341 GC heap after
{Heap after GC invocations=16 (full 0):
 garbage-first heap   total 260096K, used 133120K [0x00000000a0000000, 0x0000000100000000)
  region size 1024K, 9 young (9216K), 9 survivors (9216K)
 Metaspace       used 95480K, capacity 99289K, committed 99492K, reserved 1134592K
  class space    used 12316K, capacity 13517K, committed 13644K, reserved 1048576K
}
Event: 16.234 GC heap before
{Heap before GC invocations=16 (full 0):
 garbage-first heap   total 260096K, used 205824K [0x00000000a0000000, 0x0000000100000000)
  region size 1024K, 82 young (83968K), 9 survivors (9216K)
 Metaspace       used 96382K, capacity 100177K, committed 100260K, reserved 1136640K
  class space    used 12372K, capacity 13598K, committed 13644K, reserved 1048576K
}
Event: 16.244 GC heap after
{Heap after GC invocations=17 (full 0):
 garbage-first heap   total 260096K, used 139968K [0x00000000a0000000, 0x0000000100000000)
  region size 1024K, 7 young (7168K), 7 survivors (7168K)
 Metaspace       used 96382K, capacity 100177K, committed 100260K, reserved 1136640K
  class space    used 12372K, capacity 13598K, committed 13644K, reserved 1048576K
}

